Base path: /Applications/Unity/Unity.app/Contents
Cmd: initializeCompiler
Cmd: compileComputeKernel
  api=14 insize=178 outsize=11989 ok=1
Cmd: compileComputeKernel
  api=14 insize=144 outsize=9145 ok=1
Cmd: translateComputeKernel
  api=14 insize=9145 outsize=16085 ok=1
Cmd: compileComputeKernel
  api=14 insize=617 outsize=5565 ok=1
Cmd: compileComputeKernel
  api=14 insize=617 outsize=4093 ok=1
Cmd: translateComputeKernel
  api=14 insize=5889 outsize=10401 ok=1
Cmd: initializeCompiler
Cmd: initializeCompiler
Cmd: compileComputeKernel
  api=14 insize=67 outsize=7889 ok=1
Cmd: translateComputeKernel
  api=14 insize=7889 outsize=13409 ok=1
Cmd: translateComputeKernel
  api=14 insize=12805 outsize=25797 ok=1
Cmd: compileComputeKernel
  api=14 insize=617 outsize=749 ok=1
Cmd: compileComputeKernel
  api=14 insize=617 outsize=4777 ok=1
Cmd: compileComputeKernel
  api=14 insize=617 outsize=4865 ok=1
Cmd: translateComputeKernel
  api=14 insize=3921 outsize=4949 ok=1
Cmd: translateComputeKernel
  api=14 insize=4969 outsize=7329 ok=1
Cmd: compileComputeKernel
  api=14 insize=237 outsize=5433 ok=1
Cmd: translateComputeKernel
  api=14 insize=3809 outsize=4681 ok=1
Cmd: initializeCompiler
Cmd: initializeCompiler

Quitting shader compiler process
